[0215/144611.718:WARNING:used_ids.h(55)] Duplicate id found. Reassigning from 104 to 127
[0215/144611.718:WARNING:used_ids.h(55)] Duplicate id found. Reassigning from 102 to 125
[0215/144611.718:WARNING:used_ids.h(55)] Duplicate id found. Reassigning from 104 to 124
[0215/144611.718:WARNING:used_ids.h(55)] Duplicate id found. Reassigning from 106 to 123
[0215/144611.718:WARNING:used_ids.h(55)] Duplicate id found. Reassigning from 103 to 122
[0215/144611.718:WARNING:used_ids.h(55)] Duplicate id found. Reassigning from 105 to 121
[0215/144611.718:WARNING:used_ids.h(55)] Duplicate id found. Reassigning from 109 to 120
[0215/144611.718:WARNING:used_ids.h(55)] Duplicate id found. Reassigning from 1 to 14
[0215/144611.718:WARNING:used_ids.h(55)] Duplicate id found. Reassigning from 3 to 13
[0215/144611.719:WARNING:used_ids.h(55)] Duplicate id found. Reassigning from 5 to 12
[0215/144611.719:WARNING:used_ids.h(55)] Duplicate id found. Reassigning from 6 to 11
[0215/144611.719:ERROR:audio_rtp_receiver.cc(89)] AudioRtpReceiver::OnSetVolume: No audio channel exists.
[0215/144620.133:ERROR:audio_rtp_receiver.cc(89)] AudioRtpReceiver::OnSetVolume: No audio channel exists.
[0215/144620.133:WARNING:used_ids.h(55)] Duplicate id found. Reassigning from 104 to 127
[0215/144620.133:WARNING:used_ids.h(55)] Duplicate id found. Reassigning from 102 to 125
[0215/144620.133:WARNING:used_ids.h(55)] Duplicate id found. Reassigning from 104 to 124
[0215/144620.133:WARNING:used_ids.h(55)] Duplicate id found. Reassigning from 106 to 123
[0215/144620.133:WARNING:used_ids.h(55)] Duplicate id found. Reassigning from 103 to 122
[0215/144620.133:WARNING:used_ids.h(55)] Duplicate id found. Reassigning from 105 to 121
[0215/144620.133:WARNING:used_ids.h(55)] Duplicate id found. Reassigning from 109 to 120
[0215/144620.133:WARNING:used_ids.h(55)] Duplicate id found. Reassigning from 1 to 14
[0215/144620.133:WARNING:used_ids.h(55)] Duplicate id found. Reassigning from 3 to 13
[0215/144620.133:WARNING:used_ids.h(55)] Duplicate id found. Reassigning from 5 to 12
[0215/144620.133:WARNING:used_ids.h(55)] Duplicate id found. Reassigning from 6 to 11
[0215/222802.596:ERROR:os_crypt_win.cc(92)] Failed to decrypt: 키를 지정된 상태에서 사용하기에 부적합합니다. (0x8009000B)
[0215/222805.985:WARNING:value_store_frontend.cc(44)] Reading mhjfbmdgcfjbbpaeojofohoefgiehjai.alarms from  failed: IO error: .../MANIFEST-000001: Unable to create sequential file (ChromeMethodBFE: 7::NewSequentialFile::1)
[0215/222840.329:WARNING:value_store_frontend.cc(44)] Reading mhjfbmdgcfjbbpaeojofohoefgiehjai.alarms from  failed: IO error: .../MANIFEST-000001: Unable to create sequential file (ChromeMethodBFE: 7::NewSequentialFile::1)
[0215/222843.525:ERROR:audio_rtp_receiver.cc(89)] AudioRtpReceiver::OnSetVolume: No audio channel exists.
[0215/222843.526:WARNING:used_ids.h(55)] Duplicate id found. Reassigning from 104 to 127
[0215/222843.526:WARNING:used_ids.h(55)] Duplicate id found. Reassigning from 102 to 125
[0215/222843.526:WARNING:used_ids.h(55)] Duplicate id found. Reassigning from 104 to 124
[0215/222843.526:WARNING:used_ids.h(55)] Duplicate id found. Reassigning from 106 to 123
[0215/222843.526:WARNING:used_ids.h(55)] Duplicate id found. Reassigning from 103 to 122
[0215/222843.526:WARNING:used_ids.h(55)] Duplicate id found. Reassigning from 105 to 121
[0215/222843.526:WARNING:used_ids.h(55)] Duplicate id found. Reassigning from 109 to 120
[0215/222843.526:WARNING:used_ids.h(55)] Duplicate id found. Reassigning from 1 to 14
[0215/222843.526:WARNING:used_ids.h(55)] Duplicate id found. Reassigning from 3 to 13
[0215/222843.526:WARNING:used_ids.h(55)] Duplicate id found. Reassigning from 5 to 12
[0215/222843.526:WARNING:used_ids.h(55)] Duplicate id found. Reassigning from 6 to 11
[0215/222921.175:ERROR:audio_rtp_receiver.cc(89)] AudioRtpReceiver::OnSetVolume: No audio channel exists.
[0215/222921.175:WARNING:used_ids.h(55)] Duplicate id found. Reassigning from 104 to 127
[0215/222921.175:WARNING:used_ids.h(55)] Duplicate id found. Reassigning from 102 to 125
[0215/222921.175:WARNING:used_ids.h(55)] Duplicate id found. Reassigning from 104 to 124
[0215/222921.175:WARNING:used_ids.h(55)] Duplicate id found. Reassigning from 106 to 123
[0215/222921.175:WARNING:used_ids.h(55)] Duplicate id found. Reassigning from 103 to 122
[0215/222921.175:WARNING:used_ids.h(55)] Duplicate id found. Reassigning from 105 to 121
[0215/222921.175:WARNING:used_ids.h(55)] Duplicate id found. Reassigning from 109 to 120
[0215/222921.175:WARNING:used_ids.h(55)] Duplicate id found. Reassigning from 1 to 14
[0215/222921.175:WARNING:used_ids.h(55)] Duplicate id found. Reassigning from 3 to 13
[0215/222921.175:WARNING:used_ids.h(55)] Duplicate id found. Reassigning from 5 to 12
[0215/222921.175:WARNING:used_ids.h(55)] Duplicate id found. Reassigning from 6 to 11
[0215/222957.055:ERROR:batching_media_log.cc(38)] MediaEvent: {"error":"FFmpegDemuxer: no supported streams"}
[0215/222957.055:ERROR:batching_media_log.cc(35)] MediaEvent: {"pipeline_error":14}
[0215/222958.468:ERROR:batching_media_log.cc(38)] MediaEvent: {"error":"FFmpegDemuxer: no supported streams"}
[0215/222958.468:ERROR:batching_media_log.cc(35)] MediaEvent: {"pipeline_error":14}
